  bank.cpp
C:\Users\hassa\Desktop\OOP bank system simulation\bank\clsString.h(39,25): warning C4267: 'return': conversion from 'size_t' to 'short', possible loss of data
  (compiling source file 'bank.cpp')
  
C:\Users\hassa\Desktop\OOP bank system simulation\bank\clsString.h(44,29): warning C4267: 'return': conversion from 'size_t' to 'short', possible loss of data
  (compiling source file 'bank.cpp')
  
C:\Users\hassa\Desktop\OOP bank system simulation\bank\clsString.h(56,30): warning C4267: '=': conversion from 'size_t' to 'short', possible loss of data
  (compiling source file 'bank.cpp')
  
C:\Users\hassa\Desktop\OOP bank system simulation\bank\clsString.h(193,29): warning C4267: 'return': conversion from 'size_t' to 'short', possible loss of data
  (compiling source file 'bank.cpp')
  
C:\Users\hassa\Desktop\OOP bank system simulation\bank\clsString.h(324,30): warning C4267: '=': conversion from 'size_t' to 'short', possible loss of data
  (compiling source file 'bank.cpp')
  
C:\Users\hassa\Desktop\OOP bank system simulation\bank\clsString.h(372,22): warning C4267: 'initializing': conversion from 'size_t' to 'short', possible loss of data
  (compiling source file 'bank.cpp')
  
C:\Users\hassa\Desktop\OOP bank system simulation\bank\clsScreen.h(34,3): warning C4091: 'static ': ignored on left of 'clsScreen::section' when no variable is declared
  (compiling source file 'bank.cpp')
  
C:\Users\hassa\Desktop\OOP bank system simulation\bank\clsShowMainMenu.h(4,10): warning C4067: unexpected tokens following preprocessor directive - expected a newline
  (compiling source file 'bank.cpp')
  
C:\Users\hassa\Desktop\OOP bank system simulation\bank\clsAddClient.h(19,56): warning C4244: 'argument': conversion from 'double' to 'float', possible loss of data
  (compiling source file 'bank.cpp')
  
C:\Users\hassa\Desktop\OOP bank system simulation\bank\clsDeposite.h(42,16): warning C4244: 'initializing': conversion from 'double' to 'float', possible loss of data
  (compiling source file 'bank.cpp')
  
C:\Users\hassa\Desktop\OOP bank system simulation\bank\clsWithdraw.h(45,16): warning C4244: 'initializing': conversion from 'double' to 'float', possible loss of data
  (compiling source file 'bank.cpp')
  
C:\Users\hassa\Desktop\OOP bank system simulation\bank\clsSendMoney.h(36,16): warning C4244: 'initializing': conversion from 'double' to 'float', possible loss of data
  (compiling source file 'bank.cpp')
  
C:\Users\hassa\Desktop\OOP bank system simulation\bank\clsUpdateclientinfo.h(37,57): warning C4244: 'argument': conversion from 'double' to 'float', possible loss of data
  (compiling source file 'bank.cpp')
  
C:\Users\hassa\Desktop\OOP bank system simulation\bank\clsManageUsers.h(10,10): warning C4067: unexpected tokens following preprocessor directive - expected a newline
  (compiling source file 'bank.cpp')
  
C:\Users\hassa\Desktop\OOP bank system simulation\bank\clsupdateuser.h(162,12): warning C4129: ' ': unrecognized character escape sequence
  (compiling source file 'bank.cpp')
  
C:\Users\hassa\Desktop\OOP bank system simulation\bank\clsClient.h(325,1): warning C4715: 'clsClient::Save': not all control paths return a value
C:\Users\hassa\Desktop\OOP bank system simulation\bank\clsUser.h(311,1): warning C4715: 'clsUser::save': not all control paths return a value
  bank.vcxproj -> C:\Users\hassa\Desktop\OOP bank system simulation\bank\x64\Debug\bank.exe
